TN:
SF:src/api.ts
FN:8,(anonymous_7)
FN:8,(anonymous_8)
FN:18,(anonymous_9)
FN:18,(anonymous_10)
FNF:4
FNH:4
FNDA:2,(anonymous_7)
FNDA:2,(anonymous_8)
FNDA:2,(anonymous_9)
FNDA:2,(anonymous_10)
DA:5,1
DA:8,2
DA:9,2
DA:10,2
DA:11,1
DA:13,1
DA:14,1
DA:18,2
DA:19,2
DA:20,2
DA:21,1
DA:23,1
DA:24,1
LF:13
LH:13
BRDA:10,0,0,1
BRDA:20,1,0,1
BRF:2
BRH:2
end_of_record
TN:
SF:src/components/RepositoryItem.tsx
FN:8,(anonymous_0)
FNF:1
FNH:1
FNDA:2,(anonymous_0)
DA:8,1
DA:9,2
DA:24,1
LF:3
LH:3
BRDA:18,0,0,2
BRDA:18,0,1,1
BRF:2
BRH:2
end_of_record
TN:
SF:src/components/RepositoryList.tsx
FN:10,(anonymous_0)
FN:25,(anonymous_1)
FNF:2
FNH:2
FNDA:3,(anonymous_0)
FNDA:2,(anonymous_1)
DA:10,1
DA:15,3
DA:16,1
DA:19,2
DA:20,1
DA:23,1
DA:26,2
DA:42,1
LF:8
LH:8
BRDA:15,0,0,1
BRDA:19,1,0,1
BRDA:34,2,0,2
BRDA:34,2,1,0
BRF:4
BRH:3
end_of_record
TN:
SF:src/components/SearchBar.tsx
FN:10,(anonymous_0)
FN:18,(anonymous_1)
FN:22,(anonymous_2)
FNF:3
FNH:3
FNDA:4,(anonymous_0)
FNDA:1,(anonymous_1)
FNDA:1,(anonymous_2)
DA:1,1
DA:10,1
DA:16,4
DA:18,4
DA:19,1
DA:22,4
DA:23,1
DA:24,1
DA:28,4
DA:45,1
LF:10
LH:10
BRDA:12,0,0,4
BRDA:13,1,0,4
BRDA:14,2,0,3
BRDA:23,3,0,1
BRDA:39,4,0,1
BRDA:39,4,1,3
BRF:6
BRH:6
end_of_record
TN:
SF:src/components/UserList.tsx
FN:12,(anonymous_0)
FN:30,(anonymous_1)
FN:34,(anonymous_2)
FNF:3
FNH:3
FNDA:4,(anonymous_0)
FNDA:6,(anonymous_1)
FNDA:1,(anonymous_2)
DA:12,1
DA:20,4
DA:21,1
DA:24,3
DA:31,6
DA:34,1
DA:52,1
LF:7
LH:7
BRDA:20,0,0,1
BRDA:20,1,0,4
BRDA:20,1,1,3
BRDA:33,2,0,1
BRDA:33,2,1,5
BRDA:37,3,0,1
BRDA:37,3,1,5
BRDA:40,4,0,6
BRDA:40,4,1,1
BRF:9
BRH:9
end_of_record
